<?xml version="1.0" encoding="UTF-8"?>
<!-- Generated by org.testng.reporters.JUnitReportReporter -->
<testsuite skipped="0" hostname="DESKTOP-EK0HI42" name="SandipFoundation.EndtoendPRoject.validateTitle" tests="2" failures="0" timestamp="29 Nov 2021 17:36:39 GMT" time="0.250" errors="0">
  <testcase name="validateHeader" time="0.188" classname="SandipFoundation.EndtoendPRoject.validateTitle"/>
  <testcase name="validateTitleonpage" time="0.062" classname="SandipFoundation.EndtoendPRoject.validateTitle"/>
</testsuite> <!-- SandipFoundation.EndtoendPRoject.validateTitle -->
