<?xml version="1.0" encoding="UTF-8"?>
<!-- Generated by org.testng.reporters.JUnitReportReporter -->
<testsuite skipped="0" hostname="DESKTOP-EK0HI42" name="SandipFoundation.EndtoendPRoject.validateNavigationBar" tests="1" failures="0" timestamp="29 Nov 2021 17:36:39 GMT" time="0.144" errors="0">
  <testcase name="basepageNAvBarStatus" time="0.144" classname="SandipFoundation.EndtoendPRoject.validateNavigationBar"/>
</testsuite> <!-- SandipFoundation.EndtoendPRoject.validateNavigationBar -->
