<?xml version="1.0" encoding="UTF-8"?>
<!-- Generated by org.testng.reporters.JUnitReportReporter -->
<testsuite skipped="0" hostname="DESKTOP-EK0HI42" name="SandipFoundation.EndtoendPRoject.Homepage" tests="2" failures="0" timestamp="29 Nov 2021 17:03:30 GMT" time="121.550" errors="0">
  <testcase name="basepageNavigation" time="9.420" classname="SandipFoundation.EndtoendPRoject.Homepage"/>
  <testcase name="basepageNavigation" time="112.130" classname="SandipFoundation.EndtoendPRoject.Homepage"/>
</testsuite> <!-- SandipFoundation.EndtoendPRoject.Homepage -->
